<?xml version="1.0" encoding="UTF-8"?>
<testng-results ignored="0" total="1" passed="1" failed="0" skipped="0">
  <reporter-output>
  </reporter-output>
  <suite started-at="2024-05-10T18:55:44 IST" name="Default suite" finished-at="2024-05-10T18:57:46 IST" duration-ms="122454">
    <groups>
    </groups>
    <test started-at="2024-05-10T18:55:44 IST" name="Default test" finished-at="2024-05-10T18:57:46 IST" duration-ms="122454">
      <class name="testCase_BB.BBTest_6_SearchbyBrandTest">
        <test-method is-config="true" signature="StartReport()[pri:0, instance:testCase_BB.BBTest_6_SearchbyBrandTest@5aebe890]" started-at="2024-05-10T18:55:43 IST" name="StartReport" finished-at="2024-05-10T18:55:44 IST" duration-ms="1000" status="PASS">
          <reporter-output>
          </reporter-output>
        </test-method> <!-- StartReport -->
        <test-method is-config="true" signature="setup()[pri:0, instance:testCase_BB.BBTest_6_SearchbyBrandTest@5aebe890]" started-at="2024-05-10T18:55:44 IST" name="setup" finished-at="2024-05-10T18:55:44 IST" duration-ms="4" status="PASS">
          <reporter-output>
          </reporter-output>
        </test-method> <!-- setup -->
        <test-method is-config="true" signature="testDetails()[pri:0, instance:testCase_BB.BBTest_6_SearchbyBrandTest@5aebe890]" started-at="2024-05-10T18:55:44 IST" name="testDetails" finished-at="2024-05-10T18:55:44 IST" duration-ms="30" status="PASS">
          <reporter-output>
          </reporter-output>
        </test-method> <!-- testDetails -->
        <test-method is-config="true" signature="start()[pri:0, instance:testCase_BB.BBTest_6_SearchbyBrandTest@5aebe890]" started-at="2024-05-10T18:55:44 IST" name="start" finished-at="2024-05-10T18:56:05 IST" duration-ms="21241" status="PASS">
          <reporter-output>
          </reporter-output>
        </test-method> <!-- start -->
        <test-method signature="BBTest_6_SearchbyBrandTest()[pri:6, instance:testCase_BB.BBTest_6_SearchbyBrandTest@5aebe890]" started-at="2024-05-10T18:56:05 IST" name="BBTest_6_SearchbyBrandTest" finished-at="2024-05-10T18:57:43 IST" duration-ms="97896" status="PASS">
          <reporter-output>
          </reporter-output>
        </test-method> <!-- BBTest_6_SearchbyBrandTest -->
        <test-method is-config="true" signature="close()[pri:0, instance:testCase_BB.BBTest_6_SearchbyBrandTest@5aebe890]" started-at="2024-05-10T18:57:43 IST" name="close" finished-at="2024-05-10T18:57:46 IST" duration-ms="3135" status="PASS">
          <reporter-output>
          </reporter-output>
        </test-method> <!-- close -->
        <test-method is-config="true" signature="endReport()[pri:0, instance:testCase_BB.BBTest_6_SearchbyBrandTest@5aebe890]" started-at="2024-05-10T18:57:48 IST" name="endReport" finished-at="2024-05-10T18:57:50 IST" duration-ms="2333" status="PASS">
          <reporter-output>
          </reporter-output>
        </test-method> <!-- endReport -->
      </class> <!-- testCase_BB.BBTest_6_SearchbyBrandTest -->
    </test> <!-- Default test -->
  </suite> <!-- Default suite -->
</testng-results>
